<?xml version="1.0" encoding="UTF-8"?>
<!-- Generated by org.testng.reporters.JUnitXMLReporter -->
<testsuite ignored="0" hostname="Users-MacBook-Pro.local" failures="0" tests="2" name="Default test" time="18.529" errors="0" timestamp="2020-10-24T13:47:45 EDT">
  <testcase classname="qa.walo.testcases.ContactPageTest" name="verifyContactPageTitleTest" time="0.016"/>
  <testcase classname="qa.walo.testcases.ContactPageTest" name="verifyContactPageURLTest" time="0.006"/>
</testsuite> <!-- Default test -->
