<?xml version="1.0" encoding="UTF-8"?>
<testsuite xmlns:xsi="http://www.w3.org/2001/XMLSchema-instance" xsi:noNamespaceSchemaLocation="https://maven.apache.org/surefire/maven-surefire-plugin/xsd/surefire-test-report.xsd" name="TestSuite" time="63.15" tests="8" errors="0" skipped="2" failures="2">
  <properties>
[...]
</properties>
  <testcase name="verifyContactPageTitleTest" classname="qa.walo.testcases.ContactPageTest" time="0.011"/>
  <testcase name="setup" classname="qa.walo.testcases.ContactPageTest" time="5.799">
    <failure message="element click intercepted: Element &lt;a href=&quot;#sidewidgetarea&quot; aria-label=&quot;Navigation Menu&quot; aria-expanded=&quot;false&quot; class=&quot;closed&quot;&gt;...&lt;/a&gt; is not clickable at point (1220, 70). Other element would receive the click: &lt;div class=&quot;loading-icon none&quot; style=&quot;transition: opacity 500ms ease 0s; opacity: 0;&quot;&gt;...&lt;/div&gt;&#10;  (Session info: chrome=86.0.4240.111)&#10;Build info: version: &apos;3.141.59&apos;, revision: &apos;e82be7d358&apos;, time: &apos;2018-11-14T08:17:03&apos;&#10;System info: host: &apos;Users-MacBook-Pro.local&apos;, ip: &apos;2607:fea8:d21:b90:0:0:0:5cd9%en0&apos;, os.name: &apos;Mac OS X&apos;, os.arch: &apos;x86_64&apos;, os.version: &apos;10.15.7&apos;, java.version: &apos;14.0.2&apos;&#10;Driver info: org.openqa.selenium.chrome.ChromeDriver&#10;Capabilities {acceptInsecureCerts: false, browserName: chrome, browserVersion: 86.0.4240.111, chrome: {chromedriverVersion: 86.0.4240.22 (398b0743353ff..., userDataDir: /var/folders/xd/pfq2nrjd1db...}, goog:chromeOptions: {debuggerAddress: localhost:54674}, javascriptEnabled: true, networkConnectionEnabled: false, pageLoadStrategy: normal, platform: MAC, platformName: MAC, proxy: Proxy(), setWindowRect: true, strictFileInteractability: false, timeouts: {implicit: 0, pageLoad: 300000, script: 30000}, unhandledPromptBehavior: dismiss and notify, webauthn:virtualAuthenticators: true}&#10;Session ID: ca7d9cd80a8824268311b3c0d75a0c8b" type="org.openqa.selenium.ElementClickInterceptedException"><![CDATA[org.openqa.selenium.ElementClickInterceptedException: 
element click intercepted: Element <a href="#sidewidgetarea" aria-label="Navigation Menu" aria-expanded="false" class="closed">...</a> is not clickable at point (1220, 70). Other element would receive the click: <div class="loading-icon none" style="transition: opacity 500ms ease 0s; opacity: 0;">...</div>
  (Session info: chrome=86.0.4240.111)
Build info: version: '3.141.59', revision: 'e82be7d358', time: '2018-11-14T08:17:03'
System info: host: 'Users-MacBook-Pro.local', ip: '2607:fea8:d21:b90:0:0:0:5cd9%en0', os.name: 'Mac OS X', os.arch: 'x86_64', os.version: '10.15.7', java.version: '14.0.2'
Driver info: org.openqa.selenium.chrome.ChromeDriver
Capabilities {acceptInsecureCerts: false, browserName: chrome, browserVersion: 86.0.4240.111, chrome: {chromedriverVersion: 86.0.4240.22 (398b0743353ff..., userDataDir: /var/folders/xd/pfq2nrjd1db...}, goog:chromeOptions: {debuggerAddress: localhost:54674}, javascriptEnabled: true, networkConnectionEnabled: false, pageLoadStrategy: normal, platform: MAC, platformName: MAC, proxy: Proxy(), setWindowRect: true, strictFileInteractability: false, timeouts: {implicit: 0, pageLoad: 300000, script: 30000}, unhandledPromptBehavior: dismiss and notify, webauthn:virtualAuthenticators: true}
Session ID: ca7d9cd80a8824268311b3c0d75a0c8b
	at qa.walo.testcases.ContactPageTest.setup(ContactPageTest.java:26)
]]></failure>
    <system-err><![CDATA[Starting ChromeDriver 86.0.4240.22 (398b0743353ff36fb1b82468f63a3a93b4e2e89e-refs/branch-heads/4240@{#378}) on port 29734
Only local connections are allowed.
Please see https://chromedriver.chromium.org/security-considerations for suggestions on keeping ChromeDriver safe.
ChromeDriver was started successfully.
Oct. 27, 2020 4:10:29 P.M. org.openqa.selenium.remote.ProtocolHandshake createSession
INFO: Detected dialect: W3C
]]></system-err>
  </testcase>
  <testcase name="verifyContactPageURLTest" classname="qa.walo.testcases.ContactPageTest" time="0">
    <skipped message="element click intercepted: Element &lt;a href=&quot;#sidewidgetarea&quot; aria-label=&quot;Navigation Menu&quot; aria-expanded=&quot;false&quot; class=&quot;closed&quot;&gt;...&lt;/a&gt; is not clickable at point (1220, 70). Other element would receive the click: &lt;div class=&quot;loading-icon none&quot; style=&quot;transition: opacity 500ms ease 0s; opacity: 0;&quot;&gt;...&lt;/div&gt;&#10;  (Session info: chrome=86.0.4240.111)&#10;Build info: version: &apos;3.141.59&apos;, revision: &apos;e82be7d358&apos;, time: &apos;2018-11-14T08:17:03&apos;&#10;System info: host: &apos;Users-MacBook-Pro.local&apos;, ip: &apos;2607:fea8:d21:b90:0:0:0:5cd9%en0&apos;, os.name: &apos;Mac OS X&apos;, os.arch: &apos;x86_64&apos;, os.version: &apos;10.15.7&apos;, java.version: &apos;14.0.2&apos;&#10;Driver info: org.openqa.selenium.chrome.ChromeDriver&#10;Capabilities {acceptInsecureCerts: false, browserName: chrome, browserVersion: 86.0.4240.111, chrome: {chromedriverVersion: 86.0.4240.22 (398b0743353ff..., userDataDir: /var/folders/xd/pfq2nrjd1db...}, goog:chromeOptions: {debuggerAddress: localhost:54674}, javascriptEnabled: true, networkConnectionEnabled: false, pageLoadStrategy: normal, platform: MAC, platformName: MAC, proxy: Proxy(), setWindowRect: true, strictFileInteractability: false, timeouts: {implicit: 0, pageLoad: 300000, script: 30000}, unhandledPromptBehavior: dismiss and notify, webauthn:virtualAuthenticators: true}&#10;Session ID: ca7d9cd80a8824268311b3c0d75a0c8b"/>
  </testcase>
  <testcase name="tearDown" classname="qa.walo.testcases.ContactPageTest" time="0">
    <skipped/>
  </testcase>
  <testcase name="HomePageTitleTest" classname="qa.walo.testcases.HomePageTest" time="0.006"/>
  <testcase name="appLogoTest" classname="qa.walo.testcases.HomePageTest" time="0.023"/>
  <testcase name="header1test" classname="qa.walo.testcases.HomePageTest" time="0.065">
    <failure message="expected [Teach your kids the value of money] but found []" type="java.lang.AssertionError">java.lang.AssertionError: expected [Teach your kids the value of money] but found []
	at qa.walo.testcases.HomePageTest.header1test(HomePageTest.java:37)
</failure>
    <system-err><![CDATA[Starting ChromeDriver 86.0.4240.22 (398b0743353ff36fb1b82468f63a3a93b4e2e89e-refs/branch-heads/4240@{#378}) on port 34463
Only local connections are allowed.
Please see https://chromedriver.chromium.org/security-considerations for suggestions on keeping ChromeDriver safe.
ChromeDriver was started successfully.
Oct. 27, 2020 4:10:53 P.M. org.openqa.selenium.remote.ProtocolHandshake createSession
INFO: Detected dialect: W3C
]]></system-err>
  </testcase>
  <testcase name="navigateToAboutPageTest" classname="qa.walo.testcases.HomePageTest" time="4.349"/>
</testsuite>